<?xml version="1.0" encoding="UTF-8"?>
<testsuite xmlns:xsi="http://www.w3.org/2001/XMLSchema-instance" xsi:noNamespaceSchemaLocation="https://maven.apache.org/surefire/maven-surefire-plugin/xsd/surefire-test-report.xsd" name="edu.eci.cvds.RegistryTest" time="0" tests="4" errors="0" skipped="0" failures="0">
  <properties>
[...]
</properties>
  <testcase name="givenAPersonWhenIsOver90ThenDEAD" classname="edu.eci.cvds.RegistryTest" time="0"/>
  <testcase name="givenAPersonWhenIsOver18ThenVALID" classname="edu.eci.cvds.RegistryTest" time="0"/>
  <testcase name="givenAPersonWhenIsLessThan0ThenINVALID_AGE" classname="edu.eci.cvds.RegistryTest" time="0"/>
  <testcase name="givenAPersonWhenIsUnderAgeThenUNDERAGE" classname="edu.eci.cvds.RegistryTest" time="0"/>
</testsuite>